<?xml version="1.0" encoding="UTF-8"?>
<!-- Generated by org.testng.reporters.JUnitXMLReporter -->
<testsuite hostname="BLR2QALP0104" ignored="0" name="Default test" tests="5" failures="0" timestamp="01 Apr 2019 07:37:12 GMT" time="57.405" errors="0">
  <testcase name="SignInTest" time="7.135" classname="com.Tests.SampleTest"/>
  <testcase name="AddHeadPhone" time="15.604" classname="com.Tests.SampleTest"/>
  <testcase name="AddMacbook" time="11.933" classname="com.Tests.SampleTest"/>
  <testcase name="reduceproductQuantity" time="10.826" classname="com.Tests.SampleTest"/>
  <testcase name="SignOutTest" time="1.83" classname="com.Tests.SampleTest"/>
</testsuite> <!-- Default test -->
